<html>
<body>
<pre>
<h1>µVision Build Log</h1>
<h2>Tool Versions:</h2>
IDE-Version: ¦ÌVision V5.24.2.86
Copyright (C) 2017 ARM Ltd and ARM Germany GmbH. All rights reserved.
License Information: 222 wind and flower, 22, LIC=----
 
Tool Versions:
Toolchain:       PK51 Prof. Develpers Kit  Version: 9.57.0.0
Toolchain Path:  D:\keil\C51\BIN
C Compiler:      C51.exe V9.57.0.0
Assembler:       A51.exe V8.2.7.0
Linker/Locator:  BL51.exe V6.22.2.0
Library Manager: LIB51.exe V4.30.1.0
Hex Converter:   OH51.exe V2.7.0.0
CPU DLL:         S8051.DLL V3.113.0.0
Dialog DLL:      DP51.DLL V2.64.0.0 
<h2>Project:</h2>
D:\BaiduNetdiskDownload\1-³ÌÐò\C51.uvproj
Project File Date:  02/23/2025

<h2>Output:</h2>
Build target 'Target 1'
compiling C51.c...
C51.c(670): error C141: syntax error near 'if'
C51.c(670): error C141: syntax error near '==', expected ')'
C51.c(671): error C129: missing ';' before '{'
Target not created.
Build Time Elapsed:  00:00:01
</pre>
</body>
</html>
